This is XeTeX, Version 3.14159265-2.6-0.99999 (MiKTeX 2.9.6840 64-bit) (preloaded format=xelatex 2018.10.21)  29 JAN 2019 08:22
entering extended mode
**"d:/jinh/桌面/Final/mcm (1).tex"
("d:/jinh/桌面/Final/mcm (1).tex"
LaTeX2e <2018-04-01> patch level 5
(mcmthesis.cls
Document Class: mcmthesis 2016/01/29 v6.2 The Thesis Template Designed For MCM/
ICM
The Thesis Template Designed For MCM/ICM
(D:\MikTeX\tex\latex\xkeyval\xkeyval.sty
Package: xkeyval 2014/12/03 v2.7a package option processing (HA)

(D:\MikTeX\tex\generic\xkeyval\xkeyval.tex
(D:\MikTeX\tex\generic\xkeyval\xkvutils.tex
\XKV@toks=\toks14
\XKV@tempa@toks=\toks15

(D:\MikTeX\tex\generic\xkeyval\keyval.tex))
\XKV@depth=\count80
File: xkeyval.tex 2014/12/03 v2.7a key=value parser (HA)
))
(D:\MikTeX\tex\latex\etoolbox\etoolbox.sty
Package: etoolbox 2018/08/19 v2.5f e-TeX tools for LaTeX (JAW)
\etb@tempcnta=\count81
)
(D:\MikTeX\tex\latex\base\article.cls
Document Class: article 2014/09/29 v1.4h Standard LaTeX document class
(D:\MikTeX\tex\latex\base\size11.clo
File: size11.clo 2014/09/29 v1.4h Standard LaTeX file (size option)
)
\c@part=\count82
\c@section=\count83
\c@subsection=\count84
\c@subsubsection=\count85
\c@paragraph=\count86
\c@subparagraph=\count87
\c@figure=\count88
\c@table=\count89
\abovecaptionskip=\skip41
\belowcaptionskip=\skip42
\bibindent=\dimen102
)
(D:\MikTeX\tex\latex\fancyhdr\fancyhdr.sty
Package: fancyhdr 2017/06/30 v3.9a Extensive control of page headers and footer
s
\f@nch@headwidth=\skip43
\f@nch@O@elh=\skip44
\f@nch@O@erh=\skip45
\f@nch@O@olh=\skip46
\f@nch@O@orh=\skip47
\f@nch@O@elf=\skip48
\f@nch@O@erf=\skip49
\f@nch@O@olf=\skip50
\f@nch@O@orf=\skip51
)
(D:\MikTeX\tex\latex\fancybox\fancybox.sty
Package: fancybox 2010/05/15 1.4

Style option: `fancybox' v1.4 <2010/05/15> (tvz)
\@fancybox=\box26
\shadowsize=\dimen103
\@Sbox=\box27
\do@VerbBox=\toks16
\the@fancyput=\toks17
\this@fancyput=\toks18
\EndVerbatimTokens=\toks19
\Verbatim@Outfile=\write3
\Verbatim@Infile=\read1
) (D:\MikTeX\tex\latex\base\ifthen.sty
Package: ifthen 2014/09/29 v1.1c Standard LaTeX ifthen package (DPC)
)
(D:\MikTeX\tex\latex\lastpage\lastpage.sty
Package: lastpage 2015/03/29 v1.2m Refers to last page's name (HMM; JPG)
)
(D:\MikTeX\tex\latex\listings\listings.sty
\lst@mode=\count90
\lst@gtempboxa=\box28
\lst@token=\toks20
\lst@length=\count91
\lst@currlwidth=\dimen104
\lst@column=\count92
\lst@pos=\count93
\lst@lostspace=\dimen105
\lst@width=\dimen106
\lst@newlines=\count94
\lst@lineno=\count95
\lst@maxwidth=\dimen107

(D:\MikTeX\tex\latex\listings\lstmisc.sty
File: lstmisc.sty 2018/09/02 1.7 (Carsten Heinz)
\c@lstnumber=\count96
\lst@skipnumbers=\count97
\lst@framebox=\box29
)
(D:\MikTeX\tex\latex\listings\listings.cfg
File: listings.cfg 2018/09/02 1.7 listings configuration
))
Package: listings 2018/09/02 1.7 (Carsten Heinz)

(D:\MikTeX\tex\latex\appendix\appendix.sty
Package: appendix 2009/09/02 v1.2b extra appendix facilities
\c@@pps=\count98
\c@@ppsavesec=\count99
\c@@ppsaveapp=\count100
)
(D:\MikTeX\tex\latex\paralist\paralist.sty
Package: paralist 2017/01/22 v2.7 Extended list environments
\pltopsep=\skip52
\plpartopsep=\skip53
\plitemsep=\skip54
\plparsep=\skip55
\pl@lab=\toks21
)
(D:\MikTeX\tex\latex\amscls\amsthm.sty
Package: amsthm 2017/10/31 v2.20.4
\thm@style=\toks22
\thm@bodyfont=\toks23
\thm@headfont=\toks24
\thm@notefont=\toks25
\thm@headpunct=\toks26
\thm@preskip=\skip56
\thm@postskip=\skip57
\thm@headsep=\skip58
\dth@everypar=\toks27
)
(D:\MikTeX\tex\latex\amsfonts\amsfonts.sty
Package: amsfonts 2013/01/14 v3.01 Basic AMSFonts support
\@emptytoks=\toks28
\symAMSa=\mathgroup4
\symAMSb=\mathgroup5
LaTeX Font Info:    Overwriting math alphabet `\mathfrak' in version `bold'
(Font)                  U/euf/m/n --> U/euf/b/n on input line 106.
)
(D:\MikTeX\tex\latex\amsmath\amsmath.sty
Package: amsmath 2017/09/02 v2.17a AMS math features
\@mathmargin=\skip59

For additional information on amsmath, use the `?' option.
(D:\MikTeX\tex\latex\amsmath\amstext.sty
Package: amstext 2000/06/29 v2.01 AMS text

(D:\MikTeX\tex\latex\amsmath\amsgen.sty
File: amsgen.sty 1999/11/30 v2.0 generic functions
\@emptytoks=\toks29
\ex@=\dimen108
))
(D:\MikTeX\tex\latex\amsmath\amsbsy.sty
Package: amsbsy 1999/11/29 v1.2d Bold Symbols
\pmbraise@=\dimen109
)
(D:\MikTeX\tex\latex\amsmath\amsopn.sty
Package: amsopn 2016/03/08 v2.02 operator names
)
\inf@bad=\count101
LaTeX Info: Redefining \frac on input line 213.
\uproot@=\count102
\leftroot@=\count103
LaTeX Info: Redefining \overline on input line 375.
\classnum@=\count104
\DOTSCASE@=\count105
LaTeX Info: Redefining \ldots on input line 472.
LaTeX Info: Redefining \dots on input line 475.
LaTeX Info: Redefining \cdots on input line 596.
\Mathstrutbox@=\box30
\strutbox@=\box31
\big@size=\dimen110
LaTeX Font Info:    Redeclaring font encoding OML on input line 712.
LaTeX Font Info:    Redeclaring font encoding OMS on input line 713.
\macc@depth=\count106
\c@MaxMatrixCols=\count107
\dotsspace@=\muskip10
\c@parentequation=\count108
\dspbrk@lvl=\count109
\tag@help=\toks30
\row@=\count110
\column@=\count111
\maxfields@=\count112
\andhelp@=\toks31
\eqnshift@=\dimen111
\alignsep@=\dimen112
\tagshift@=\dimen113
\tagwidth@=\dimen114
\totwidth@=\dimen115
\lineht@=\dimen116
\@envbody=\toks32
\multlinegap=\skip60
\multlinetaggap=\skip61
\mathdisplay@stack=\toks33
LaTeX Info: Redefining \[ on input line 2817.
LaTeX Info: Redefining \] on input line 2818.
) (D:\MikTeX\tex\latex\tools\bm.sty
Package: bm 2017/01/16 v1.2c Bold Symbol Support (DPC/FMi)
\symboldoperators=\mathgroup6
\symboldletters=\mathgroup7
\symboldsymbols=\mathgroup8
LaTeX Font Info:    Redeclaring math alphabet \mathbf on input line 141.
LaTeX Info: Redefining \bm on input line 207.
)
(D:\MikTeX\tex\latex\amsfonts\amssymb.sty
Package: amssymb 2013/01/14 v3.01 AMS font symbols
)
(D:\MikTeX\tex\latex\jknappen\mathrsfs.sty
Package: mathrsfs 1996/01/01 Math RSFS package v1.0 (jk)
\symrsfs=\mathgroup9
)
(D:\MikTeX\tex\latex\base\latexsym.sty
Package: latexsym 1998/08/17 v2.2e Standard LaTeX package (lasy symbols)
\symlasy=\mathgroup10
LaTeX Font Info:    Overwriting symbol font `lasy' in version `bold'
(Font)                  U/lasy/m/n --> U/lasy/b/n on input line 52.
)
(D:\MikTeX\tex\latex\tools\longtable.sty
Package: longtable 2014/10/28 v4.11 Multi-page Table package (DPC)
\LTleft=\skip62
\LTright=\skip63
\LTpre=\skip64
\LTpost=\skip65
\LTchunksize=\count113
\LTcapwidth=\dimen117
\LT@head=\box32
\LT@firsthead=\box33
\LT@foot=\box34
\LT@lastfoot=\box35
\LT@cols=\count114
\LT@rows=\count115
\c@LT@tables=\count116
\c@LT@chunks=\count117
\LT@p@ftn=\toks34
)
(D:\MikTeX\tex\latex\multirow\multirow.sty
Package: multirow 2018/08/03 v2.3 Span multiple rows of a table
\multirow@colwidth=\skip66
\multirow@cntb=\count118
\multirow@dima=\skip67
\bigstrutjot=\dimen118
)
(D:\MikTeX\tex\latex\tools\hhline.sty
Package: hhline 2014/10/28 v2.03 Table rule package (DPC)
) (D:\MikTeX\tex\latex\tools\tabularx.sty
Package: tabularx 2016/02/03 v2.11b `tabularx' package (DPC)

(D:\MikTeX\tex\latex\tools\array.sty
Package: array 2018/04/30 v2.4h Tabular extension package (FMi)
\col@sep=\dimen119
\ar@mcellbox=\box36
\extrarowheight=\dimen120
\NC@list=\toks35
\extratabsurround=\skip68
\backup@length=\skip69
\ar@cellbox=\box37
)
\TX@col@width=\dimen121
\TX@old@table=\dimen122
\TX@old@col=\dimen123
\TX@target=\dimen124
\TX@delta=\dimen125
\TX@cols=\count119
\TX@ftn=\toks36
) (D:\MikTeX\tex\latex\base\flafter.sty
Package: flafter 2018/01/08 v1.4c Standard LaTeX floats after reference (FMi)
Applying: [2015/01/01] float order in 2-column on input line 49.
Already applied: [0000/00/00] float order in 2-column on input line 151.
)
(D:\MikTeX\tex\latex\psnfss\pifont.sty
Package: pifont 2005/04/12 PSNFSS-v9.2a Pi font support (SPQR) 
LaTeX Font Info:    Try loading font information for U+pzd on input line 63.
 (D:\MikTeX\tex\latex\psnfss\upzd.fd
File: upzd.fd 2001/06/04 font definitions for U/pzd.
)
LaTeX Font Info:    Try loading font information for U+psy on input line 64.

(D:\MikTeX\tex\latex\psnfss\upsy.fd
File: upsy.fd 2001/06/04 font definitions for U/psy.
)) (D:\MikTeX\tex\latex\tools\calc.sty
Package: calc 2017/05/25 v4.3 Infix arithmetic (KKT,FJ)
\calc@Acount=\count120
\calc@Bcount=\count121
\calc@Adimen=\dimen126
\calc@Bdimen=\dimen127
\calc@Askip=\skip70
\calc@Bskip=\skip71
LaTeX Info: Redefining \setlength on input line 80.
LaTeX Info: Redefining \addtolength on input line 81.
\calc@Ccount=\count122
\calc@Cskip=\skip72
)
(D:\MikTeX\tex\latex\colortbl\colortbl.sty
Package: colortbl 2018/12/12 v1.0d Color table columns (DPC)

(D:\MikTeX\tex\latex\graphics\color.sty
Package: color 2016/07/10 v1.1e Standard LaTeX Color (DPC)

(D:\MikTeX\tex\latex\graphics-cfg\color.cfg
File: color.cfg 2016/01/02 v1.6 sample color configuration
)
Package color Info: Driver file: xetex.def on input line 147.

(D:\MikTeX\tex\latex\graphics-def\xetex.def
File: xetex.def 2017/06/24 v5.0h Graphics/color driver for xetex
))
\everycr=\toks37
\minrowclearance=\skip73
)
(D:\MikTeX\tex\latex\booktabs\booktabs.sty
Package: booktabs 2005/04/14 v1.61803 publication quality tables
\heavyrulewidth=\dimen128
\lightrulewidth=\dimen129
\cmidrulewidth=\dimen130
\belowrulesep=\dimen131
\belowbottomsep=\dimen132
\aboverulesep=\dimen133
\abovetopsep=\dimen134
\cmidrulesep=\dimen135
\cmidrulekern=\dimen136
\defaultaddspace=\dimen137
\@cmidla=\count123
\@cmidlb=\count124
\@aboverulesep=\dimen138
\@belowrulesep=\dimen139
\@thisruleclass=\count125
\@lastruleclass=\count126
\@thisrulewidth=\dimen140
)
(D:\MikTeX\tex\latex\geometry\geometry.sty
Package: geometry 2018/04/16 v5.8 Page Geometry

(D:\MikTeX\tex\generic\oberdiek\ifpdf.sty
Package: ifpdf 2018/09/07 v3.3 Provides the ifpdf switch
)
(D:\MikTeX\tex\generic\oberdiek\ifvtex.sty
Package: ifvtex 2016/05/16 v1.6 Detect VTeX and its facilities (HO)
Package ifvtex Info: VTeX not detected.
)
(D:\MikTeX\tex\generic\ifxetex\ifxetex.sty
Package: ifxetex 2010/09/12 v0.6 Provides ifxetex conditional
)
\Gm@cnth=\count127
\Gm@cntv=\count128
\c@Gm@tempcnt=\count129
\Gm@bindingoffset=\dimen141
\Gm@wd@mp=\dimen142
\Gm@odd@mp=\dimen143
\Gm@even@mp=\dimen144
\Gm@layoutwidth=\dimen145
\Gm@layoutheight=\dimen146
\Gm@layouthoffset=\dimen147
\Gm@layoutvoffset=\dimen148
\Gm@dimlist=\toks38

(D:\MikTeX\tex\xelatex\xetexconfig\geometry.cfg))
(D:\MikTeX\tex\latex\base\fontenc.sty
Package: fontenc 2017/04/05 v2.0i Standard LaTeX package
 (D:\MikTeX\tex\latex\base\t1enc.def
File: t1enc.def 2017/04/05 v2.0i Standard LaTeX file
LaTeX Font Info:    Redeclaring font encoding T1 on input line 48.
)
LaTeX Font Info:    Try loading font information for T1+lmr on input line 105.

(D:\MikTeX\tex\latex\lm\t1lmr.fd
File: t1lmr.fd 2009/10/30 v1.6 Font defs for Latin Modern
)) (D:\MikTeX\tex\latex\bera\berasans.sty
Package: berasans 2004/01/30 (WaS)
)
(D:\MikTeX\tex\latex\hyperref\hyperref.sty
Package: hyperref 2018/09/30 v6.88a Hypertext links for LaTeX

(D:\MikTeX\tex\generic\oberdiek\hobsub-hyperref.sty
Package: hobsub-hyperref 2016/05/16 v1.14 Bundle oberdiek, subset hyperref (HO)


(D:\MikTeX\tex\generic\oberdiek\hobsub-generic.sty
Package: hobsub-generic 2016/05/16 v1.14 Bundle oberdiek, subset generic (HO)
Package: hobsub 2016/05/16 v1.14 Construct package bundles (HO)
Package: infwarerr 2016/05/16 v1.4 Providing info/warning/error messages (HO)
Package: ltxcmds 2016/05/16 v1.23 LaTeX kernel commands for general use (HO)
Package: ifluatex 2016/05/16 v1.4 Provides the ifluatex switch (HO)
Package ifluatex Info: LuaTeX not detected.
Package hobsub Info: Skipping package `ifvtex' (already loaded).
Package: intcalc 2016/05/16 v1.2 Expandable calculations with integers (HO)
Package hobsub Info: Skipping package `ifpdf' (already loaded).
Package: etexcmds 2016/05/16 v1.6 Avoid name clashes with e-TeX commands (HO)
Package etexcmds Info: Could not find \expanded.
(etexcmds)             That can mean that you are not using pdfTeX 1.50 or
(etexcmds)             that some package has redefined \expanded.
(etexcmds)             In the latter case, load this package earlier.
Package: kvsetkeys 2016/05/16 v1.17 Key value parser (HO)
Package: kvdefinekeys 2016/05/16 v1.4 Define keys (HO)
Package: pdftexcmds 2018/09/10 v0.29 Utility functions of pdfTeX for LuaTeX (HO
)
Package pdftexcmds Info: LuaTeX not detected.
Package pdftexcmds Info: pdfTeX >= 1.30 not detected.
Package pdftexcmds Info: \pdf@primitive is available.
Package pdftexcmds Info: \pdf@ifprimitive is available.
Package pdftexcmds Info: \pdfdraftmode not found.
Package: pdfescape 2016/05/16 v1.14 Implements pdfTeX's escape features (HO)
Package: bigintcalc 2016/05/16 v1.4 Expandable calculations on big integers (HO
)
Package: bitset 2016/05/16 v1.2 Handle bit-vector datatype (HO)
Package: uniquecounter 2016/05/16 v1.3 Provide unlimited unique counter (HO)
)
Package hobsub Info: Skipping package `hobsub' (already loaded).
Package: letltxmacro 2016/05/16 v1.5 Let assignment for LaTeX macros (HO)
Package: hopatch 2016/05/16 v1.3 Wrapper for package hooks (HO)
Package: xcolor-patch 2016/05/16 xcolor patch
Package: atveryend 2016/05/16 v1.9 Hooks at the very end of document (HO)
Package: atbegshi 2016/06/09 v1.18 At begin shipout hook (HO)
Package: refcount 2016/05/16 v3.5 Data extraction from label references (HO)
Package: hycolor 2016/05/16 v1.8 Color options for hyperref/bookmark (HO)
)
(D:\MikTeX\tex\latex\oberdiek\auxhook.sty
Package: auxhook 2016/05/16 v1.4 Hooks for auxiliary files (HO)
)
(D:\MikTeX\tex\latex\oberdiek\kvoptions.sty
Package: kvoptions 2016/05/16 v3.12 Key value format for package options (HO)
)
\@linkdim=\dimen149
\Hy@linkcounter=\count130
\Hy@pagecounter=\count131

(D:\MikTeX\tex\latex\hyperref\pd1enc.def
File: pd1enc.def 2018/09/30 v6.88a Hyperref: PDFDocEncoding definition (HO)
)
\Hy@SavedSpaceFactor=\count132

(D:\MikTeX\tex\latex\00miktex\hyperref.cfg
File: hyperref.cfg 2002/06/06 v1.2 hyperref configuration of TeXLive
)
Package hyperref Info: Hyper figures OFF on input line 4535.
Package hyperref Info: Link nesting OFF on input line 4540.
Package hyperref Info: Hyper index ON on input line 4543.
Package hyperref Info: Plain pages OFF on input line 4550.
Package hyperref Info: Backreferencing OFF on input line 4555.
Package hyperref Info: Implicit mode ON; LaTeX internals redefined.
Package hyperref Info: Bookmarks ON on input line 4788.
\c@Hy@tempcnt=\count133
 (D:\MikTeX\tex\latex\url\url.sty
\Urlmuskip=\muskip11
Package: url 2013/09/16  ver 3.4  Verb mode for urls, etc.
)
LaTeX Info: Redefining \url on input line 5141.
\XeTeXLinkMargin=\dimen150
\Fld@menulength=\count134
\Field@Width=\dimen151
\Fld@charsize=\dimen152
Package hyperref Info: Hyper figures OFF on input line 6396.
Package hyperref Info: Link nesting OFF on input line 6401.
Package hyperref Info: Hyper index ON on input line 6404.
Package hyperref Info: backreferencing OFF on input line 6411.
Package hyperref Info: Link coloring OFF on input line 6416.
Package hyperref Info: Link coloring with OCG OFF on input line 6421.
Package hyperref Info: PDF/A mode OFF on input line 6426.
LaTeX Info: Redefining \ref on input line 6466.
LaTeX Info: Redefining \pageref on input line 6470.
\Hy@abspage=\count135
\c@Item=\count136
\c@Hfootnote=\count137
)
Package hyperref Info: Driver (autodetected): hxetex.

(D:\MikTeX\tex\latex\hyperref\hxetex.def
File: hxetex.def 2018/09/30 v6.88a Hyperref driver for XeTeX

(D:\MikTeX\tex\latex\hyperref\puenc.def
File: puenc.def 2018/09/30 v6.88a Hyperref: PDF Unicode definition (HO)
)
(D:\MikTeX\tex\generic\oberdiek\stringenc.sty
Package: stringenc 2016/05/16 v1.11 Convert strings between diff. encodings (HO
)
)
\pdfm@box=\box38
\c@Hy@AnnotLevel=\count138
\HyField@AnnotCount=\count139
\Fld@listcount=\count140
\c@bookmark@seq@number=\count141

(D:\MikTeX\tex\latex\oberdiek\rerunfilecheck.sty
Package: rerunfilecheck 2016/05/16 v1.8 Rerun checks for auxiliary files (HO)
Package uniquecounter Info: New unique counter `rerunfilecheck' on input line 2
82.
)
\Hy@SectionHShift=\skip74
)
(D:\MikTeX\tex\latex\environ\environ.sty
Package: environ 2014/05/04 v0.3 A new way to define environments

(D:\MikTeX\tex\latex\trimspaces\trimspaces.sty
Package: trimspaces 2009/09/17 v1.1 Trim spaces around a token list
))
(D:\MikTeX\tex\latex\graphics\graphicx.sty
Package: graphicx 2017/06/01 v1.1a Enhanced LaTeX Graphics (DPC,SPQR)

(D:\MikTeX\tex\latex\graphics\graphics.sty
Package: graphics 2017/06/25 v1.2c Standard LaTeX Graphics (DPC,SPQR)

(D:\MikTeX\tex\latex\graphics\trig.sty
Package: trig 2016/01/03 v1.10 sin cos tan (DPC)
)
(D:\MikTeX\tex\latex\graphics-cfg\graphics.cfg
File: graphics.cfg 2016/06/04 v1.11 sample graphics configuration
)
Package graphics Info: Driver file: xetex.def on input line 99.
)
\Gin@req@height=\dimen153
\Gin@req@width=\dimen154
)
(D:\MikTeX\tex\latex\xcolor\xcolor.sty
Package: xcolor 2016/05/11 v2.12 LaTeX color extensions (UK)

(D:\MikTeX\tex\latex\graphics-cfg\color.cfg
File: color.cfg 2016/01/02 v1.6 sample color configuration
)
Package xcolor Info: Driver file: xetex.def on input line 225.
LaTeX Info: Redefining \color on input line 709.
Package xcolor Info: Model `cmy' substituted by `cmy0' on input line 1348.
Package xcolor Info: Model `RGB' extended on input line 1364.
Package xcolor Info: Model `HTML' substituted by `rgb' on input line 1366.
Package xcolor Info: Model `Hsb' substituted by `hsb' on input line 1367.
Package xcolor Info: Model `tHsb' substituted by `hsb' on input line 1368.
Package xcolor Info: Model `HSB' substituted by `hsb' on input line 1369.
Package xcolor Info: Model `Gray' substituted by `gray' on input line 1370.
Package xcolor Info: Model `wave' substituted by `hsb' on input line 1371.
)
\c@Theorem=\count142

(D:\MikTeX\tex\latex\listings\lstlang1.sty
File: lstlang1.sty 2018/09/02 1.7 listings language file
)
(D:\MikTeX\tex\latex\listings\lstmisc.sty
File: lstmisc.sty 2018/09/02 1.7 (Carsten Heinz)
))
(D:\MikTeX\tex\latex\psnfss\palatino.sty
Package: palatino 2005/04/12 PSNFSS-v9.2a (SPQR) 
) (D:\MikTeX\tex\latex\mwe\mwe.sty
Package: mwe 2018/03/30 v0.5 Package to support minimal working examples (MWE)

(D:\MikTeX\tex\latex\lipsum\lipsum.sty (D:\MikTeX\tex\latex\l3kernel\expl3.sty
Package: expl3 2019-01-01 L3 programming layer (loader) 

(D:\MikTeX\tex\latex\l3kernel\expl3-code.tex
Package: expl3 2019-01-01 L3 programming layer (code)
\c_max_int=\count143
\l_tmpa_int=\count144
\l_tmpb_int=\count145
\g_tmpa_int=\count146
\g_tmpb_int=\count147
\g__kernel_prg_map_int=\count148
\c_log_iow=\count149
\l_iow_line_count_int=\count150
\l__iow_line_target_int=\count151
\l__iow_one_indent_int=\count152
\l__iow_indent_int=\count153
\c_zero_dim=\dimen155
\c_max_dim=\dimen156
\l_tmpa_dim=\dimen157
\l_tmpb_dim=\dimen158
\g_tmpa_dim=\dimen159
\g_tmpb_dim=\dimen160
\c_zero_skip=\skip75
\c_max_skip=\skip76
\l_tmpa_skip=\skip77
\l_tmpb_skip=\skip78
\g_tmpa_skip=\skip79
\g_tmpb_skip=\skip80
\c_zero_muskip=\muskip12
\c_max_muskip=\muskip13
\l_tmpa_muskip=\muskip14
\l_tmpb_muskip=\muskip15
\g_tmpa_muskip=\muskip16
\g_tmpb_muskip=\muskip17
\l_keys_choice_int=\count154
\l__intarray_loop_int=\count155
\c__intarray_sp_dim=\dimen161
\g__intarray_font_int=\count156
\c__fp_leading_shift_int=\count157
\c__fp_middle_shift_int=\count158
\c__fp_trailing_shift_int=\count159
\c__fp_big_leading_shift_int=\count160
\c__fp_big_middle_shift_int=\count161
\c__fp_big_trailing_shift_int=\count162
\c__fp_Bigg_leading_shift_int=\count163
\c__fp_Bigg_middle_shift_int=\count164
\c__fp_Bigg_trailing_shift_int=\count165
\g__fp_array_int=\count166
\l__fp_array_loop_int=\count167
\l__sort_length_int=\count168
\l__sort_min_int=\count169
\l__sort_top_int=\count170
\l__sort_max_int=\count171
\l__sort_true_max_int=\count172
\l__sort_block_int=\count173
\l__sort_begin_int=\count174
\l__sort_end_int=\count175
\l__sort_A_int=\count176
\l__sort_B_int=\count177
\l__sort_C_int=\count178
\l__tl_analysis_normal_int=\count179
\l__tl_analysis_index_int=\count180
\l__tl_analysis_nesting_int=\count181
\l__tl_analysis_type_int=\count182
\l__regex_internal_a_int=\count183
\l__regex_internal_b_int=\count184
\l__regex_internal_c_int=\count185
\l__regex_balance_int=\count186
\l__regex_group_level_int=\count187
\l__regex_mode_int=\count188
\c__regex_cs_in_class_mode_int=\count189
\c__regex_cs_mode_int=\count190
\l__regex_catcodes_int=\count191
\l__regex_default_catcodes_int=\count192
\c__regex_catcode_L_int=\count193
\c__regex_catcode_O_int=\count194
\c__regex_catcode_A_int=\count195
\c__regex_all_catcodes_int=\count196
\l__regex_show_lines_int=\count197
\l__regex_min_state_int=\count198
\l__regex_max_state_int=\count199
\l__regex_left_state_int=\count266
\l__regex_right_state_int=\count267
\l__regex_capturing_group_int=\count268
\l__regex_min_pos_int=\count269
\l__regex_max_pos_int=\count270
\l__regex_curr_pos_int=\count271
\l__regex_start_pos_int=\count272
\l__regex_success_pos_int=\count273
\l__regex_curr_char_int=\count274
\l__regex_curr_catcode_int=\count275
\l__regex_last_char_int=\count276
\l__regex_case_changed_char_int=\count277
\l__regex_curr_state_int=\count278
\l__regex_step_int=\count279
\l__regex_min_active_int=\count280
\l__regex_max_active_int=\count281
\l__regex_replacement_csnames_int=\count282
\l__regex_match_count_int=\count283
\l__regex_min_submatch_int=\count284
\l__regex_submatch_int=\count285
\l__regex_zeroth_submatch_int=\count286
\g__regex_trace_regex_int=\count287
\c_empty_box=\box39
\l_tmpa_box=\box40
\l_tmpb_box=\box41
\g_tmpa_box=\box42
\g_tmpb_box=\box43
\l__box_top_dim=\dimen162
\l__box_bottom_dim=\dimen163
\l__box_left_dim=\dimen164
\l__box_right_dim=\dimen165
\l__box_top_new_dim=\dimen166
\l__box_bottom_new_dim=\dimen167
\l__box_left_new_dim=\dimen168
\l__box_right_new_dim=\dimen169
\l__box_internal_box=\box44
\l__coffin_internal_box=\box45
\l__coffin_internal_dim=\dimen170
\l__coffin_offset_x_dim=\dimen171
\l__coffin_offset_y_dim=\dimen172
\l__coffin_x_dim=\dimen173
\l__coffin_y_dim=\dimen174
\l__coffin_x_prime_dim=\dimen175
\l__coffin_y_prime_dim=\dimen176
\c_empty_coffin=\box46
\l__coffin_aligned_coffin=\box47
\l__coffin_aligned_internal_coffin=\box48
\l_tmpa_coffin=\box49
\l_tmpb_coffin=\box50
\l__coffin_display_coffin=\box51
\l__coffin_display_coord_coffin=\box52
\l__coffin_display_pole_coffin=\box53
\l__coffin_display_offset_dim=\dimen177
\l__coffin_display_x_dim=\dimen178
\l__coffin_display_y_dim=\dimen179
\g__file_internal_ior=\read2
\l__coffin_bounding_shift_dim=\dimen180
\l__coffin_left_corner_dim=\dimen181
\l__coffin_right_corner_dim=\dimen182
\l__coffin_bottom_corner_dim=\dimen183
\l__coffin_top_corner_dim=\dimen184
\l__coffin_scaled_total_height_dim=\dimen185
\l__coffin_scaled_width_dim=\dimen186
)
(D:\MikTeX\tex\latex\l3kernel\l3xdvipdfmx.def
File: l3xdvidpfmx.def 2019-01-01 v L3 Experimental driver: xdvipdfmx
\g__driver_image_int=\count288
\g__driver_pdf_object_int=\count289
))
(D:\MikTeX\tex\latex\l3packages\xparse\xparse.sty
Package: xparse 2018-10-17 L3 Experimental document command parser
\l__xparse_current_arg_int=\count290
\g__xparse_grabber_int=\count291
\l__xparse_m_args_int=\count292
\l__xparse_mandatory_args_int=\count293
\l__xparse_v_nesting_int=\count294
)
Package: lipsum 2019/01/02 v2.2 150 paragraphs of Lorem Ipsum dummy text

(D:\MikTeX\tex\latex\lipsum\lipsum.ltd.tex
File: lipsum.ltd.tex 2019/01/02 v2.2 The Lorem ipsum dummy text
))
(D:\MikTeX\tex\latex\blindtext\blindtext.sty
Package: blindtext 2012/01/06 V2.0 blindtext-Package

(D:\MikTeX\tex\latex\tools\xspace.sty
Package: xspace 2014/10/28 v1.13 Space after command names (DPC,MH)
)
\c@blindtext=\count295
\c@Blindtext=\count296
\c@blind@countparstart=\count297
\blind@countxx=\count298
\blindtext@numBlindtext=\count299
\blind@countyy=\count300
\c@blindlist=\count301
\c@blindlistlevel=\count302
\c@blindlist@level=\count303
\blind@listitem=\count304
\c@blind@listcount=\count305
\c@blind@levelcount=\count306
\blind@mathformula=\count307
\blind@Mathformula=\count308
\c@blind@randomcount=\count309
\c@blind@randommax=\count310
\c@blind@pangramcount=\count311
\c@blind@pangrammax=\count312
))
(D:\MikTeX\tex\latex\caption\subcaption.sty
Package: subcaption 2018/05/01 v1.1-162 Sub-captions (AR)

(D:\MikTeX\tex\latex\caption\caption.sty
Package: caption 2018/10/06 v3.3-154 Customizing captions (AR)

(D:\MikTeX\tex\latex\caption\caption3.sty
Package: caption3 2018/09/12 v1.8c caption3 kernel (AR)
Package caption3 Info: TeX engine: e-TeX on input line 64.
\captionmargin=\dimen187
\captionmargin@=\dimen188
\captionwidth=\dimen189
\caption@tempdima=\dimen190
\caption@indent=\dimen191
\caption@parindent=\dimen192
\caption@hangindent=\dimen193
)
\c@caption@flags=\count313
\c@ContinuedFloat=\count314
Package caption Info: hyperref package is loaded.
Package caption Info: listings package is loaded.
Package caption Info: longtable package is loaded.

(D:\MikTeX\tex\latex\caption\ltcaption.sty
Package: ltcaption 2018/08/26 v1.4-95 longtable captions (AR)
))
\c@subfigure=\count315
\c@subtable=\count316
)
(D:\MikTeX\tex\latex\float\float.sty
Package: float 2001/11/08 v1.3d Float enhancements (AL)
\c@float@type=\count317
\float@exts=\toks39
\float@box=\box54
\@float@everytoks=\toks40
\@floatcapt=\box55
)
(D:\MikTeX\tex\latex\tools\indentfirst.sty
Package: indentfirst 1995/11/23 v1.03 Indent first paragraph (DPC)
)
(D:\MikTeX\tex\latex\was\gensymb.sty
Package: gensymb 2003/07/02 v1.0 (WaS)
)
(D:\MikTeX\tex\latex\algorithm2e\algorithm2e.sty
Invalid UTF-8 byte or sequence at line 284 replaced by U+FFFD.
Invalid UTF-8 byte or sequence at line 299 replaced by U+FFFD.
Invalid UTF-8 byte or sequence at line 550 replaced by U+FFFD.
Package: algorithm2e 2017/07/18 v5.2 algorithms environments
\c@AlgoLine=\count318
\algocf@hangindent=\skip81

(D:\MikTeX\tex\latex\ifoddpage\ifoddpage.sty
Package: ifoddpage 2016/04/23 v1.1 Conditionals for odd/even page detection
\c@checkoddpage=\count319
)
(D:\MikTeX\tex\latex\relsize\relsize.sty
Package: relsize 2013/03/29 ver 4.1
)
\skiptotal=\skip82
\skiplinenumber=\skip83
\skiprule=\skip84
\skiphlne=\skip85
\skiptext=\skip86
\skiplength=\skip87
\algomargin=\skip88
\skipalgocfslide=\skip89
\algowidth=\dimen194
\inoutsize=\dimen195
\inoutindent=\dimen196
\interspacetitleruled=\dimen197
\interspacealgoruled=\dimen198
\interspacetitleboxruled=\dimen199
\algocf@ruledwidth=\skip90
\algocf@inoutbox=\box56
\algocf@inputbox=\box57
\AlCapSkip=\skip91
\AlCapHSkip=\skip92
\algoskipindent=\skip93
\algocf@nlbox=\box58
\algocf@hangingbox=\box59
\algocf@untilbox=\box60
\algocf@skipuntil=\skip94
\algocf@capbox=\box61
\algocf@lcaptionbox=\skip95
\algoheightruledefault=\skip96
\algoheightrule=\skip97
\algotitleheightruledefault=\skip98
\algotitleheightrule=\skip99
\c@algocfline=\count320
\c@algocfproc=\count321
\c@algocf=\count322
\algocf@algoframe=\box62
\algocf@algobox=\box63
)
(D:\MikTeX\tex\latex\varwidth\varwidth.sty
Package: varwidth 2009/03/30 ver 0.92;  Variable-width minipages
\@vwid@box=\box64
\sift@deathcycles=\count323
\@vwid@loff=\dimen256
\@vwid@roff=\dimen257
)
(D:\MikTeX\tex\latex\wrapfig\wrapfig.sty
\wrapoverhang=\dimen258
\WF@size=\dimen259
\c@WF@wrappedlines=\count324
\WF@box=\box65
\WF@everypar=\toks41
Package: wrapfig 2003/01/31  v 3.6
)
(D:\MikTeX\tex\latex\oberdiek\bookmark.sty
Package: bookmark 2016/05/17 v1.26 PDF bookmarks (HO)

(D:\MikTeX\tex\latex\oberdiek\bkm-dvipdfm.def
File: bkm-dvipdfm.def 2016/05/17 v1.26 bookmark driver for dvipdfm (HO)
\BKM@id=\count325
))
(D:\MikTeX\tex\latex\breqn\breqn.sty
Package: breqn 2018/09/14 v0.98f Breaking equations
 (D:\MikTeX\tex\latex\breqn\flexisym.sty
Package: flexisym 2017/01/27 v0.98e Make math characters macros
LaTeX Info: Redefining \textprime on input line 300.
LaTeX Info: Redefining \not on input line 358.

(D:\MikTeX\tex\latex\breqn\cmbase.sym
File: cmbase.sym 2007/12/19 v0.92
LaTeX Info: Redefining \hbar on input line 325.
LaTeX Info: Redefining \surd on input line 327.
LaTeX Info: Redefining \angle on input line 335.
LaTeX Info: Redefining \neq on input line 336.
LaTeX Info: Redefining \mapsto on input line 337.
LaTeX Info: Redefining \cong on input line 338.
LaTeX Info: Redefining \notin on input line 341.
LaTeX Info: Redefining \rightleftharpoons on input line 342.
LaTeX Info: Redefining \doteq on input line 343.
LaTeX Info: Redefining \hookrightarrow on input line 344.
LaTeX Info: Redefining \hookleftarrow on input line 345.
LaTeX Info: Redefining \bowtie on input line 346.
LaTeX Info: Redefining \models on input line 347.
LaTeX Info: Redefining \Longrightarrow on input line 348.
LaTeX Info: Redefining \longrightarrow on input line 349.
LaTeX Info: Redefining \Longleftarrow on input line 350.
LaTeX Info: Redefining \longleftarrow on input line 351.
LaTeX Info: Redefining \longmapsto on input line 352.
LaTeX Info: Redefining \longleftrightarrow on input line 353.
LaTeX Info: Redefining \Longleftrightarrow on input line 354.
LaTeX Info: Redefining \cdots on input line 358.
LaTeX Info: Redefining \vdots on input line 361.
LaTeX Info: Redefining \ddots on input line 366.
) (D:\MikTeX\tex\latex\breqn\mathstyle.sty
Package: mathstyle 2017/01/27 0.98e Tracking mathstyle implicitly
LaTeX Info: Redefining \displaystyle on input line 93.
LaTeX Info: Redefining \textstyle on input line 95.
LaTeX Info: Redefining \scriptstyle on input line 97.
LaTeX Info: Redefining \scriptscriptstyle on input line 99.
LaTeX Info: Redefining \genfrac on input line 145.
))
\inf@bad=\count326
\maxint=\count327
\listwidth=\dimen260
\eqnumsep=\dimen261
\eqmargin=\dimen262
\eqlinespacing=\skip100
\eqlineskip=\skip101
\eqlineskiplimit=\dimen263
\eqbinoffset=\muskip18
\eqdelimoffset=\muskip19
\eqindentstep=\dimen264
\eqstyle=\toks42
\eqbreakdepth=\count328
\eqinterlinepenalty=\count329
\intereqpenalty=\count330
\intereqskip=\skip102
\prerelpenalty=\count331
\prebinoppenalty=\count332
\Dmedmuskip=\muskip20
\Dthickmuskip=\muskip21
\eqleftskip=\skip103
\eqrightskip=\skip104
\eq@vspan=\skip105
\eq@binoffset=\muskip22
\EQ@box=\box66
\EQ@copy=\box67
\EQ@numbox=\box68
\eq@wdNum=\dimen265
\GRP@numbox=\box69
\grp@wdNum=\dimen266
\eq@lines=\count333
\eq@curline=\count334
\eq@badness=\count335
\EQ@vims=\count336
\eq@dp=\dimen267
\eq@wdL=\dimen268
\eq@wdT=\dimen269
\eq@wdMin=\dimen270
\grp@wdL=\dimen271
\grp@wdR=\dimen272
\grp@wdT=\dimen273
\eq@wdRmax=\dimen274
\eq@firstht=\dimen275
\eq@wdCond=\dimen276
\eq@indentstep=\dimen277
\eq@linewidth=\dimen278
\grp@linewidth=\dimen279
\eq@hshift=\dimen280
\eq@given@sidespace=\dimen281
\mathindent=\dimen282
\eq@final@linecount=\count337
\eq@wdR=\dimen283
\EQ@continue=\toks43
\lr@level=\count338
\GRP@queue=\toks44
\GRP@box=\box70
\GRP@wholebox=\box71
\darraycolsep=\skip106
\cur@row=\count339
\cur@col=\count340
\conditionsep=\skip107
)
\c@assumption=\count341
 ("mcm (1).aux")
\openout1 = `"mcm (1).aux"'.

LaTeX Font Info:    Checking defaults for OML/cmm/m/it on input line 54.
LaTeX Font Info:    ... okay on input line 54.
LaTeX Font Info:    Checking defaults for T1/cmr/m/n on input line 54.
LaTeX Font Info:    ... okay on input line 54.
LaTeX Font Info:    Checking defaults for OT1/cmr/m/n on input line 54.
LaTeX Font Info:    ... okay on input line 54.
LaTeX Font Info:    Checking defaults for OMS/cmsy/m/n on input line 54.
LaTeX Font Info:    ... okay on input line 54.
LaTeX Font Info:    Checking defaults for TU/lmr/m/n on input line 54.
LaTeX Font Info:    ... okay on input line 54.
LaTeX Font Info:    Checking defaults for OMX/cmex/m/n on input line 54.
LaTeX Font Info:    ... okay on input line 54.
LaTeX Font Info:    Checking defaults for U/cmr/m/n on input line 54.
LaTeX Font Info:    ... okay on input line 54.
LaTeX Font Info:    Checking defaults for PD1/pdf/m/n on input line 54.
LaTeX Font Info:    ... okay on input line 54.
LaTeX Font Info:    Checking defaults for PU/pdf/m/n on input line 54.
LaTeX Font Info:    ... okay on input line 54.
LaTeX Font Info:    Try loading font information for T1+ppl on input line 54.
 (D:\MikTeX\tex\latex\psnfss\t1ppl.fd
File: t1ppl.fd 2001/06/04 font definitions for T1/ppl.
)
Package lastpage Info: Please have a look at the pageslts package at
(lastpage)             https://www.ctan.org/pkg/pageslts
(lastpage)             ! on input line 54.
\c@lstlisting=\count342

*geometry* detected driver: pdftex
*geometry* verbose mode - [ preamble ] result:
* driver: pdftex
* paper: a4paper
* layout: <same size as paper>
* layoutoffset:(h,v)=(0.0pt,0.0pt)
* modes: 
* h-part:(L,W,R)=(56.9055pt, 483.69687pt, 56.9055pt)
* v-part:(T,H,B)=(56.9055pt, 731.23584pt, 56.9055pt)
* \paperwidth=597.50787pt
* \paperheight=845.04684pt
* \textwidth=483.69687pt
* \textheight=731.23584pt
* \oddsidemargin=-15.36449pt
* \evensidemargin=-15.36449pt
* \topmargin=-52.36449pt
* \headheight=12.0pt
* \headsep=25.0pt
* \topskip=11.0pt
* \footskip=30.0pt
* \marginparwidth=50.0pt
* \marginparsep=10.0pt
* \columnsep=10.0pt
* \skip\footins=10.0pt plus 4.0pt minus 2.0pt
* \hoffset=0.0pt
* \voffset=0.0pt
* \mag=1000
* \@twocolumnfalse
* \@twosidefalse
* \@mparswitchfalse
* \@reversemarginfalse
* (1in=72.27pt=25.4mm, 1cm=28.453pt)

\AtBeginShipoutBox=\box72
Package hyperref Info: Link coloring OFF on input line 54.
(D:\MikTeX\tex\latex\hyperref\nameref.sty
Package: nameref 2016/05/21 v2.44 Cross-referencing by name of section

(D:\MikTeX\tex\generic\oberdiek\gettitlestring.sty
Package: gettitlestring 2016/05/16 v1.5 Cleanup title references (HO)
)
\c@section@level=\count343
)
LaTeX Info: Redefining \ref on input line 54.
LaTeX Info: Redefining \pageref on input line 54.
LaTeX Info: Redefining \nameref on input line 54.
Package caption Info: Begin \AtBeginDocument code.
Package caption Info: float package is loaded.
Package caption Info: wrapfig package is loaded.
Package caption Info: End \AtBeginDocument code.
LaTeX Info: Redefining \celsius on input line 54.
Package gensymb Info: Faking symbols for \degree and \celsius on input line 54.



Package gensymb Warning: Not defining \perthousand.

LaTeX Info: Redefining \ohm on input line 54.
Package gensymb Info: Using \Omega for \ohm on input line 54.

Package gensymb Warning: Not defining \micro.

LaTeX Font Info:    Try loading font information for U+msa on input line 80.
(D:\MikTeX\tex\latex\amsfonts\umsa.fd
File: umsa.fd 2013/01/14 v3.01 AMS symbols A
)
LaTeX Font Info:    Try loading font information for U+msb on input line 80.
 (D:\MikTeX\tex\latex\amsfonts\umsb.fd
File: umsb.fd 2013/01/14 v3.01 AMS symbols B
)
LaTeX Font Info:    Try loading font information for U+rsfs on input line 80.

(D:\MikTeX\tex\latex\jknappen\ursfs.fd
File: ursfs.fd 1998/03/24 rsfs font definition file (jk)
)
LaTeX Font Info:    Try loading font information for U+lasy on input line 80.
 (D:\MikTeX\tex\latex\base\ulasy.fd
File: ulasy.fd 1998/08/17 v2.2e LaTeX symbol font definitions
)
LaTeX Font Info:    Font shape `T1/ppl/bx/n' in size <24.88> not available
(Font)              Font shape `T1/ppl/b/n' tried instead on input line 80.
LaTeX Font Info:    Font shape `T1/ppl/bx/n' in size <10.95> not available
(Font)              Font shape `T1/ppl/b/n' tried instead on input line 80.
LaTeX Font Info:    Font shape `T1/ppl/bx/n' in size <14.4> not available
(Font)              Font shape `T1/ppl/b/n' tried instead on input line 80.

Overfull \hbox (4.67249pt too wide) in paragraph at lines 80--80
[]\T1/ppl/m/n/10.95 Finally, we gen-er-al-ize our Ex-tended FF Model to meet mo
re re-quire-ments and dis-cuss the strengths
 []

(D:\MikTeX\tex\generic\oberdiek\se-ascii-print.def
File: se-ascii-print.def 2016/05/16 v1.11 stringenc: Printable ASCII characters

) [1

]
LaTeX Font Info:    Try loading font information for T1+phv on input line 83.

(D:\MikTeX\tex\latex\psnfss\t1phv.fd
File: t1phv.fd 2001/06/04 scalable font definitions for T1/phv.
) [0]
LaTeX Font Info:    Font shape `T1/phv/bx/n' in size <14.4> not available
(Font)              Font shape `T1/phv/b/n' tried instead on input line 84.
 ("mcm (1).toc")
\tf@toc=\write4
\openout4 = `"mcm (1).toc"'.

 [1]
File: framework.png Graphic file (type bmp)
<framework.png>
LaTeX Font Info:    Try loading font information for OMS+ppl on input line 109.


(D:\MikTeX\tex\latex\psnfss\omsppl.fd
File: omsppl.fd 
)
LaTeX Font Info:    Font shape `OMS/ppl/m/n' in size <10.95> not available
(Font)              Font shape `OMS/cmsy/m/n' tried instead on input line 109.
 [2]
LaTeX Font Info:    Font shape `T1/ppl/bx/n' in size <10> not available
(Font)              Font shape `T1/ppl/b/n' tried instead on input line 131.
LaTeX Font Info:    Font shape `T1/ppl/bx/n' in size <12> not available
(Font)              Font shape `T1/ppl/b/n' tried instead on input line 194.
 [3]
Missing character: There is no ’ in font pplr8t!
Missing character: There is no ’ in font pplr8t!
 [4]
Missing character: There is no ’ in font pplr8t!
File: floor0_photo.png Graphic file (type bmp)
<floor0_photo.png>
File: floor0_bw.bmp Graphic file (type bmp)
<floor0_bw.bmp>
File: floor0_noise_pre.png Graphic file (type bmp)
<floor0_noise_pre.png>
File: floor0.png Graphic file (type bmp)
<floor0.png>

Overfull \hbox (2.0805pt too wide) in paragraph at lines 233--246
[][] []
 []


Overfull \hbox (2.0805pt too wide) in paragraph at lines 233--246
[] [] 
 []

File: model_comparision.png Graphic file (type bmp)
<model_comparision.png>
[5]
Missing character: There is no ’ in font pplr8t!
File: floor-1.png Graphic file (type bmp)
<floor-1.png>
File: floor1.png Graphic file (type bmp)
<floor1.png>

Overfull \hbox (19.68654pt too wide) in paragraph at lines 274--274
 [][] 
 []

File: floor2.png Graphic file (type bmp)
<floor2.png>

Overfull \hbox (41.63774pt too wide) in paragraph at lines 277--277
 [][] 
 []

[6]
File: A_star.png Graphic file (type bmp)
<A_star.png>
File: tree.png Graphic file (type bmp)
<tree.png>
 [7]
File: move-direction.png Graphic file (type bmp)
<move-direction.png>
File: move-possibility.png Graphic file (type bmp)
<move-possibility.png>

Overfull \hbox (2.0805pt too wide) in paragraph at lines 339--344
[][] [] 
 []

[8]
File: example-1.png Graphic file (type bmp)
<example-1.png>
 [9]
File: example-half.png Graphic file (type bmp)
<example-half.png>
File: example.png Graphic file (type bmp)
<example.png>
 [10]
Missing character: There is no ． in font pplr8t!
File: 1-1.png Graphic file (type bmp)
<1-1.png>
File: 1-2.png Graphic file (type bmp)
<1-2.png>
File: 1-3.png Graphic file (type bmp)
<1-3.png>
File: 1-4.png Graphic file (type bmp)
<1-4.png>

Overfull \hbox (2.0805pt too wide) in paragraph at lines 433--446
[][] []
 []


Overfull \hbox (2.0805pt too wide) in paragraph at lines 433--446
[] [] 
 []

[11]
File: Time-kv-ks.pdf Graphic file (type pdf)
<use Time-kv-ks.pdf>
File: Time-kv-kd.pdf Graphic file (type pdf)
<use Time-kv-kd.pdf>

Overfull \hbox (2.0805pt too wide) in paragraph at lines 460--468
[][] [] 
 []

File: T-r.png Graphic file (type bmp)
<T-r.png>
[12]
Missing character: There is no “ in font pplr8t!
Missing character: There is no ” in font pplr8t!
Missing character: There is no “ in font pplr8t!
Missing character: There is no ” in font pplr8t!
Missing character: There is no “ in font pplr8t!
Missing character: There is no ” in font pplr8t!
Missing character: There is no “ in font pplr8t!
Missing character: There is no ” in font pplr8t!
 [13]
File: gender.pdf Graphic file (type pdf)
<use gender.pdf>
 [14]
Missing character: There is no ’ in font pplr8t!
Missing character: There is no “ in font pplr8t!
Missing character: There is no ” in font pplr8t!
 [15] ("mcm (1).bbl" [16]
Missing character: There is no “ in font pplr8t!
Missing character: There is no ” in font pplr8t!
Missing character: There is no – in font pplr8t!
Missing character: There is no ” in font pplr8t!
LaTeX Font Info:    Try loading font information for T1+pcr on input line 57.
 (D:\MikTeX\tex\latex\psnfss\t1pcr.fd
File: t1pcr.fd 2001/06/04 font definitions for T1/pcr.
))
[17]
LaTeX Font Info:    Font shape `T1/ppl/bx/n' in size <17.28> not available
(Font)              Font shape `T1/ppl/b/n' tried instead on input line 583.

Underfull \hbox (badness 10000) in paragraph at lines 587--588

 []

File: 2-1.png Graphic file (type bmp)
<2-1.png>

Overfull \hbox (8.04987pt too wide) in paragraph at lines 594--594
 [][] 
 []

File: 2-2.png Graphic file (type bmp)
<2-2.png>

Overfull \hbox (7.34987pt too wide) in paragraph at lines 598--598
 [][] 
 []

File: 2-3.png Graphic file (type bmp)
<2-3.png>

Overfull \hbox (8.04987pt too wide) in paragraph at lines 602--602
 [][] 
 []

File: 2-4.png Graphic file (type bmp)
<2-4.png>

Overfull \hbox (8.04987pt too wide) in paragraph at lines 606--606
 [][] 
 []


Overfull \hbox (2.0805pt too wide) in paragraph at lines 594--607
[][] []
 []


Overfull \hbox (2.0805pt too wide) in paragraph at lines 594--607
[] [] 
 []

File: 0-1.png Graphic file (type bmp)
<0-1.png>

Overfull \hbox (6.64987pt too wide) in paragraph at lines 614--614
 [][] 
 []

File: 0-2.png Graphic file (type bmp)
<0-2.png>

Overfull \hbox (7.34987pt too wide) in paragraph at lines 618--618
 [][] 
 []

File: 0-3.png Graphic file (type bmp)
<0-3.png>

Overfull \hbox (7.34987pt too wide) in paragraph at lines 622--622
 [][] 
 []

File: 0-4.png Graphic file (type bmp)
<0-4.png>

Overfull \hbox (8.04987pt too wide) in paragraph at lines 626--626
 [][] 
 []


Overfull \hbox (2.0805pt too wide) in paragraph at lines 614--627
[][] []
 []


Overfull \hbox (2.0805pt too wide) in paragraph at lines 614--627
[] [] 
 []

[18]
File: -1-1.png Graphic file (type bmp)
<-1-1.png>

Overfull \hbox (8.04987pt too wide) in paragraph at lines 635--635
 [][] 
 []

File: -1-2.png Graphic file (type bmp)
<-1-2.png>

Overfull \hbox (7.34987pt too wide) in paragraph at lines 639--639
 [][] 
 []

File: -1-3.png Graphic file (type bmp)
<-1-3.png>

Overfull \hbox (6.64987pt too wide) in paragraph at lines 643--643
 [][] 
 []

File: -1-4.png Graphic file (type bmp)
<-1-4.png>

Overfull \hbox (7.34987pt too wide) in paragraph at lines 647--647
 [][] 
 []


Overfull \hbox (2.0805pt too wide) in paragraph at lines 635--648
[][] []
 []


Overfull \hbox (2.0805pt too wide) in paragraph at lines 635--648
[] [] 
 []

(D:\MikTeX\tex\latex\listings\lstlang1.sty
File: lstlang1.sty 2018/09/02 1.7 listings language file
)
LaTeX Font Info:    Font shape `T1/phv/bx/n' in size <10> not available
(Font)              Font shape `T1/phv/b/n' tried instead on input line 661.
 [19]
Missing character: There is no 空 in font phvr8t!
Missing character: There is no 地 in font phvr8t!
Missing character: There is no 墙 in font phvr8t!
Missing character: There is no 壁 in font phvr8t!
Missing character: There is no 楼 in font phvr8t!
Missing character: There is no 梯 in font phvr8t!
Missing character: There is no 不 in font phvr8t!
Missing character: There is no 知 in font phvr8t!
Missing character: There is no 道 in font phvr8t!
Missing character: There is no 颜 in font phvr8t!
Missing character: There is no 色 in font phvr8t!
Missing character: There is no 门 in font phvr8t!
LaTeX Font Info:    Try loading font information for OMS+phv on input line 785.


(D:\MikTeX\tex\latex\psnfss\omsphv.fd
File: omsphv.fd 
)
LaTeX Font Info:    Font shape `OMS/phv/m/n' in size <10> not available
(Font)              Font shape `OMS/cmsy/m/n' tried instead on input line 785.
 [20]
LaTeX Font Info:    Font shape `OMS/ppl/m/it' in size <10> not available
(Font)              Font shape `OMS/cmsy/m/n' tried instead on input line 798.
 [21] [22] [23]
Missing character: There is no 没 in font phvr8t!
Missing character: There is no 人 in font phvr8t!
Missing character: There is no 有 in font phvr8t!
Missing character: There is no 人 in font phvr8t!
Missing character: There is no 函 in font phvr8t!
Missing character: There is no 数 in font phvr8t!
Missing character: There is no 概 in font phvr8t!
Missing character: There is no 率 in font phvr8t!
Missing character: There is no 公 in font phvr8t!
Missing character: There is no 式 in font phvr8t!
Missing character: There is no 通 in font phvr8t!
Missing character: There is no 过 in font phvr8t!
Missing character: There is no 四 in font phvr8t!
Missing character: There is no 个 in font phvr8t!
Missing character: There is no 方 in font phvr8t!
Missing character: There is no 向 in font phvr8t!
Missing character: There is no 概 in font phvr8t!
Missing character: There is no 率 in font phvr8t!
Missing character: There is no 算 in font phvr8t!
Missing character: There is no 预 in font phvr8t!
Missing character: There is no 运 in font phvr8t!
Missing character: There is no 动 in font phvr8t!
Missing character: There is no 方 in font phvr8t!
Missing character: There is no 向 in font phvr8t!
 [24]
Overfull \hbox (2.79959pt too wide) in paragraph at lines 1130--1131
[][][][][][][][][][][][][][][][][][][][][][][][][][][][][][][][][][][][][][][][
][][][][][][][][][][][][][] 
 []

Missing character: There is no 不 in font phvr8t!
Missing character: There is no 动 in font phvr8t!

Overfull \hbox (34.29965pt too wide) in paragraph at lines 1169--1170
[][][][][][][][][][][][][][][][][][][][][][][][][][][][][][][][][][][][][][][][
][][][] 
 []

[25] 
AED: lastpage setting LastPage
[26]
Package atveryend Info: Empty hook `BeforeClearDocument' on input line 1203.
Package atveryend Info: Empty hook `AfterLastShipout' on input line 1203.
 ("mcm (1).aux")
Package atveryend Info: Empty hook `AtVeryEndDocument' on input line 1203.
Package atveryend Info: Empty hook `AtEndAfterFileList' on input line 1203.


LaTeX Warning: Label(s) may have changed. Rerun to get cross-references right.

 ) 
Here is how much of TeX's memory you used:
 26291 strings out of 427796
 417317 string characters out of 3155170
 937329 words of memory out of 3000000
 29925 multiletter control sequences out of 15000+200000
 571618 words of font info for 116 fonts, out of 3000000 for 9000
 1328 hyphenation exceptions out of 8191
 59i,13n,94p,1402b,1860s stack positions out of 5000i,500n,10000p,200000b,50000s

Output written on mcm (1).pdf (28 pages).
